installed/build/outputs/logs/manifest-merger-release-report.txt
-- Merging decision tree log ---
manifest
ADDED from src/main/AndroidManifest.xml:17:1-18:60
INJECTED from src/main/AndroidManifest.xml:17:1-18:60
INJECTED from src/main/AndroidManifest.xml:17:1-18:60
INJECTED from src/main/AndroidManifest.xml:17:1-18:60
MERGED from [:features:hello] AndroidManifest.xml:17:1-56:12
MERGED from [:features:bye] AndroidManifest.xml:17:1-47:12
MERGED from [:features:base] AndroidManifest.xml:17:1-34:12
MERGED from [com.android.support:appcompat-v7:27.0.1] AndroidManifest.xml:17:1-22:12
MERGED from [com.android.support:support-fragment:27.0.1] AndroidManifest.xml:17:1-22:12
MERGED from [com.android.support:support-core-utils:27.0.1] AndroidManifest.xml:17:1-22:12
MERGED from [com.android.support:animated-vector-drawable:27.0.1] AndroidManifest.xml:17:1-22:12
MERGED from [com.android.support:support-vector-drawable:27.0.1] AndroidManifest.xml:17:1-22:12
MERGED from [com.android.support:support-core-ui:27.0.1] AndroidManifest.xml:17:1-22:12
MERGED from [com.android.support:support-compat:27.0.1] AndroidManifest.xml:17:1-22:12
MERGED from [android.arch.lifecycle:runtime:1.0.0] AndroidManifest.xml:17:1-30:12
INJECTED from src/main/AndroidManifest.xml:17:1-18:60
INJECTED from src/main/AndroidManifest.xml:17:1-18:60
INJECTED from src/main/AndroidManifest.xml:17:1-18:60
	package
		ADDED from src/main/AndroidManifest.xml:18:11-57
		INJECTED from src/main/AndroidManifest.xml
		INJECTED from src/main/AndroidManifest.xml
	android:versionName
		INJECTED from src/main/AndroidManifest.xml
		ADDED from src/main/AndroidManifest.xml:17:1-18:60
		INJECTED from src/main/AndroidManifest.xml
	android:versionCode
		INJECTED from src/main/AndroidManifest.xml
		ADDED from src/main/AndroidManifest.xml:17:1-18:60
		INJECTED from src/main/AndroidManifest.xml
	xmlns:android
		ADDED from src/main/AndroidManifest.xml:17:11-69
uses-sdk
INJECTED from src/main/AndroidManifest.xml reason: use-sdk injection requested
INJECTED from src/main/AndroidManifest.xml
INJECTED from src/main/AndroidManifest.xml
MERGED from [:features:hello] AndroidManifest.xml:22:5-24:41
MERGED from [:features:hello] AndroidManifest.xml:22:5-24:41
MERGED from [:features:bye] AndroidManifest.xml:22:5-24:41
MERGED from [:features:bye] AndroidManifest.xml:22:5-24:41
MERGED from [:features:base] AndroidManifest.xml:22:5-24:41
MERGED from [:features:base] AndroidManifest.xml:22:5-24:41
MERGED from [com.android.support:appcompat-v7:27.0.1] AndroidManifest.xml:20:5-44
MERGED from [com.android.support:appcompat-v7:27.0.1] AndroidManifest.xml:20:5-44
MERGED from [com.android.support:support-fragment:27.0.1] AndroidManifest.xml:20:5-44
MERGED from [com.android.support:support-fragment:27.0.1] AndroidManifest.xml:20:5-44
MERGED from [com.android.support:support-core-utils:27.0.1] AndroidManifest.xml:20:5-44
MERGED from [com.android.support:support-core-utils:27.0.1] AndroidManifest.xml:20:5-44
MERGED from [com.android.support:animated-vector-drawable:27.0.1] AndroidManifest.xml:20:5-44
MERGED from [com.android.support:animated-vector-drawable:27.0.1] AndroidManifest.xml:20:5-44
MERGED from [com.android.support:support-vector-drawable:27.0.1] AndroidManifest.xml:20:5-44
MERGED from [com.android.support:support-vector-drawable:27.0.1] AndroidManifest.xml:20:5-44
MERGED from [com.android.support:support-core-ui:27.0.1] AndroidManifest.xml:20:5-44
MERGED from [com.android.support:support-core-ui:27.0.1] AndroidManifest.xml:20:5-44
MERGED from [com.android.support:support-compat:27.0.1] AndroidManifest.xml:20:5-44
MERGED from [com.android.support:support-compat:27.0.1] AndroidManifest.xml:20:5-44
MERGED from [android.arch.lifecycle:runtime:1.0.0] AndroidManifest.xml:20:5-22:41
MERGED from [android.arch.lifecycle:runtime:1.0.0] AndroidManifest.xml:20:5-22:41
INJECTED from src/main/AndroidManifest.xml
INJECTED from src/main/AndroidManifest.xml
	android:targetSdkVersion
		INJECTED from src/main/AndroidManifest.xml
		ADDED from src/main/AndroidManifest.xml
		INJECTED from src/main/AndroidManifest.xml
	android:minSdkVersion
		INJECTED from src/main/AndroidManifest.xml
		ADDED from src/main/AndroidManifest.xml
		INJECTED from src/main/AndroidManifest.xml
application
ADDED from [:features:hello] AndroidManifest.xml:26:5-54:19
MERGED from [:features:bye] AndroidManifest.xml:26:5-45:19
MERGED from [:features:bye] AndroidManifest.xml:26:5-45:19
MERGED from [:features:base] AndroidManifest.xml:28:5-32:43
MERGED from [:features:base] AndroidManifest.xml:28:5-32:43
MERGED from [android.arch.lifecycle:runtime:1.0.0] AndroidManifest.xml:24:5-28:19
MERGED from [android.arch.lifecycle:runtime:1.0.0] AndroidManifest.xml:24:5-28:19
	android:supportsRtl
		ADDED from [:features:base] AndroidManifest.xml:31:9-35
	android:label
		ADDED from [:features:base] AndroidManifest.xml:30:9-41
	android:allowBackup
		ADDED from [:features:base] AndroidManifest.xml:29:9-35
	android:theme
		ADDED from [:features:base] AndroidManifest.xml:32:9-40
activity#com.instantappsamples.feature.hello.HelloActivity
ADDED from [:features:hello] AndroidManifest.xml:27:9-53:20
	android:label
		ADDED from [:features:hello] AndroidManifest.xml:29:13-57
	android:theme
		ADDED from [:features:hello] AndroidManifest.xml:30:13-44
	android:name
		ADDED from [:features:hello] AndroidManifest.xml:28:13-77
intent-filter#action:name:android.intent.action.MAIN+category:name:android.intent.category.LAUNCHER
ADDED from [:features:hello] AndroidManifest.xml:31:13-35:29
	android:label
		ADDED from [:features:hello] AndroidManifest.xml:31:28-60
action#android.intent.action.MAIN
ADDED from [:features:hello] AndroidManifest.xml:32:17-69
	android:name
		ADDED from [:features:hello] AndroidManifest.xml:32:25-66
category#android.intent.category.LAUNCHER
ADDED from [:features:hello] AndroidManifest.xml:34:17-77
	android:name
		ADDED from [:features:hello] AndroidManifest.xml:34:27-74
intent-filter#action:name:android.intent.action.VIEW+category:name:android.intent.category.BROWSABLE+category:name:android.intent.category.DEFAULT+data:host:hello-feature.instantappsample.com+data:pathPrefix:/hello+data:scheme:http+data:scheme:https
ADDED from [:features:hello] AndroidManifest.xml:36:13-48:29
	android:autoVerify
		ADDED from [:features:hello] AndroidManifest.xml:37:17-42
	android:order
		ADDED from [:features:hello] AndroidManifest.xml:38:17-34
action#android.intent.action.VIEW
ADDED from [:features:hello] AndroidManifest.xml:39:17-69
	android:name
		ADDED from [:features:hello] AndroidManifest.xml:39:25-66
category#android.intent.category.BROWSABLE
ADDED from [:features:hello] AndroidManifest.xml:41:17-78
	android:name
		ADDED from [:features:hello] AndroidManifest.xml:41:27-75
category#android.intent.category.DEFAULT
ADDED from [:features:hello] AndroidManifest.xml:42:17-76
	android:name
		ADDED from [:features:hello] AndroidManifest.xml:42:27-73
data
ADDED from [:features:hello] AndroidManifest.xml:44:17-48
	android:scheme
		ADDED from [:features:hello] AndroidManifest.xml:44:23-45
meta-data#default-url
ADDED from [:features:hello] AndroidManifest.xml:50:13-52:84
	android:value
		ADDED from [:features:hello] AndroidManifest.xml:52:17-81
	android:name
		ADDED from [:features:hello] AndroidManifest.xml:51:17-43
activity#com.instantappsamples.feature.bye.GoodbyeActivity
ADDED from [:features:bye] AndroidManifest.xml:27:9-44:20
	android:label
		ADDED from [:features:bye] AndroidManifest.xml:29:13-59
	android:theme
		ADDED from [:features:bye] AndroidManifest.xml:30:13-44
	android:name
		ADDED from [:features:bye] AndroidManifest.xml:28:13-77
intent-filter#action:name:android.intent.action.VIEW+category:name:android.intent.category.BROWSABLE+category:name:android.intent.category.DEFAULT+data:host:hello-feature.instantappsample.com+data:pathPrefix:/goodbye+data:scheme:http+data:scheme:https
ADDED from [:features:bye] AndroidManifest.xml:31:13-43:29
	android:autoVerify
		ADDED from [:features:bye] AndroidManifest.xml:32:17-42
	android:order
		ADDED from [:features:bye] AndroidManifest.xml:33:17-34
uses-permission#android.permission.INTERNET
ADDED from [:features:base] AndroidManifest.xml:26:5-67
	android:name
		ADDED from [:features:base] AndroidManifest.xml:26:22-64
meta-data#android.arch.lifecycle.VERSION
ADDED from [android.arch.lifecycle:runtime:1.0.0] AndroidManifest.xml:25:9-27:47
	android:value
		ADDED from [android.arch.lifecycle:runtime:1.0.0] AndroidManifest.xml:27:13-44
	android:name
		ADDED from [android.arch.lifecycle:runtime:1.0.0] AndroidManifest.xml:26:13-58